
2016-11-07 19:26:32
[ERROR]-[Thread: qtp245565335-23]-[com.jfinal.core.ActionHandler.handle()]: /admin/adduser
com.jfinal.plugin.activerecord.ActiveRecordException: The model attribute p_edu_scho is not exists.
	at com.jfinal.core.Injector.injectModel(Injector.java:123)
	at com.jfinal.core.Injector.injectModel(Injector.java:44)
	at com.jfinal.core.Controller.getModel(Controller.java:691)
	at com.huijiasoft.controller.AdminController.adduser(AdminController.java:510)
	at sun.reflect.NativeMethodAccessorImpl.invoke0(Native Method)
	at sun.reflect.NativeMethodAccessorImpl.invoke(Unknown Source)
	at sun.reflect.DelegatingMethodAccessorImpl.invoke(Unknown Source)
	at java.lang.reflect.Method.invoke(Unknown Source)
	at com.jfinal.aop.Invocation.invoke(Invocation.java:73)
	at com.huijiasoft.interceptor.AdminAuthInterceptor.intercept(AdminAuthInterceptor.java:24)
	at com.jfinal.aop.Invocation.invoke(Invocation.java:67)
	at com.jfinal.core.ActionHandler.handle(ActionHandler.java:74)
	at com.huijiasoft.handler.ResourceHandler.handle(ResourceHandler.java:23)
	at com.jfinal.core.JFinalFilter.doFilter(JFinalFilter.java:72)
	at org.eclipse.jetty.servlet.ServletHandler$CachedChain.doFilter(ServletHandler.java:1307)
	at org.eclipse.jetty.servlet.ServletHandler.doHandle(ServletHandler.java:453)
	at org.eclipse.jetty.server.handler.ScopedHandler.handle(ScopedHandler.java:137)
	at org.eclipse.jetty.security.SecurityHandler.handle(SecurityHandler.java:560)
	at org.eclipse.jetty.server.session.SessionHandler.doHandle(SessionHandler.java:231)
	at org.eclipse.jetty.server.handler.ContextHandler.doHandle(ContextHandler.java:1072)
	at org.eclipse.jetty.servlet.ServletHandler.doScope(ServletHandler.java:382)
	at org.eclipse.jetty.server.session.SessionHandler.doScope(SessionHandler.java:193)
	at org.eclipse.jetty.server.handler.ContextHandler.doScope(ContextHandler.java:1006)
	at org.eclipse.jetty.server.handler.ScopedHandler.handle(ScopedHandler.java:135)
	at org.eclipse.jetty.server.handler.HandlerWrapper.handle(HandlerWrapper.java:116)
	at org.eclipse.jetty.server.Server.handle(Server.java:365)
	at org.eclipse.jetty.server.AbstractHttpConnection.handleRequest(AbstractHttpConnection.java:485)
	at org.eclipse.jetty.server.AbstractHttpConnection.content(AbstractHttpConnection.java:937)
	at org.eclipse.jetty.server.AbstractHttpConnection$RequestHandler.content(AbstractHttpConnection.java:998)
	at org.eclipse.jetty.http.HttpParser.parseNext(HttpParser.java:856)
	at org.eclipse.jetty.http.HttpParser.parseAvailable(HttpParser.java:240)
	at org.eclipse.jetty.server.AsyncHttpConnection.handle(AsyncHttpConnection.java:82)
	at org.eclipse.jetty.io.nio.SelectChannelEndPoint.handle(SelectChannelEndPoint.java:628)
	at org.eclipse.jetty.io.nio.SelectChannelEndPoint$1.run(SelectChannelEndPoint.java:52)
	at org.eclipse.jetty.util.thread.QueuedThreadPool.runJob(QueuedThreadPool.java:608)
	at org.eclipse.jetty.util.thread.QueuedThreadPool$3.run(QueuedThreadPool.java:543)
	at java.lang.Thread.run(Unknown Source)

2016-11-07 19:36:06
[ERROR]-[Thread: qtp245565335-19]-[com.jfinal.core.ActionHandler.handle()]: /admin/adduser
com.jfinal.plugin.activerecord.ActiveRecordException: The model attribute edu_id is not exists.
	at com.jfinal.core.Injector.injectModel(Injector.java:123)
	at com.jfinal.core.Injector.injectModel(Injector.java:44)
	at com.jfinal.core.Controller.getModel(Controller.java:691)
	at com.huijiasoft.controller.AdminController.adduser(AdminController.java:510)
	at sun.reflect.NativeMethodAccessorImpl.invoke0(Native Method)
	at sun.reflect.NativeMethodAccessorImpl.invoke(Unknown Source)
	at sun.reflect.DelegatingMethodAccessorImpl.invoke(Unknown Source)
	at java.lang.reflect.Method.invoke(Unknown Source)
	at com.jfinal.aop.Invocation.invoke(Invocation.java:73)
	at com.huijiasoft.interceptor.AdminAuthInterceptor.intercept(AdminAuthInterceptor.java:24)
	at com.jfinal.aop.Invocation.invoke(Invocation.java:67)
	at com.jfinal.core.ActionHandler.handle(ActionHandler.java:74)
	at com.huijiasoft.handler.ResourceHandler.handle(ResourceHandler.java:23)
	at com.jfinal.core.JFinalFilter.doFilter(JFinalFilter.java:72)
	at org.eclipse.jetty.servlet.ServletHandler$CachedChain.doFilter(ServletHandler.java:1307)
	at org.eclipse.jetty.servlet.ServletHandler.doHandle(ServletHandler.java:453)
	at org.eclipse.jetty.server.handler.ScopedHandler.handle(ScopedHandler.java:137)
	at org.eclipse.jetty.security.SecurityHandler.handle(SecurityHandler.java:560)
	at org.eclipse.jetty.server.session.SessionHandler.doHandle(SessionHandler.java:231)
	at org.eclipse.jetty.server.handler.ContextHandler.doHandle(ContextHandler.java:1072)
	at org.eclipse.jetty.servlet.ServletHandler.doScope(ServletHandler.java:382)
	at org.eclipse.jetty.server.session.SessionHandler.doScope(SessionHandler.java:193)
	at org.eclipse.jetty.server.handler.ContextHandler.doScope(ContextHandler.java:1006)
	at org.eclipse.jetty.server.handler.ScopedHandler.handle(ScopedHandler.java:135)
	at org.eclipse.jetty.server.handler.HandlerWrapper.handle(HandlerWrapper.java:116)
	at org.eclipse.jetty.server.Server.handle(Server.java:365)
	at org.eclipse.jetty.server.AbstractHttpConnection.handleRequest(AbstractHttpConnection.java:485)
	at org.eclipse.jetty.server.AbstractHttpConnection.content(AbstractHttpConnection.java:937)
	at org.eclipse.jetty.server.AbstractHttpConnection$RequestHandler.content(AbstractHttpConnection.java:998)
	at org.eclipse.jetty.http.HttpParser.parseNext(HttpParser.java:856)
	at org.eclipse.jetty.http.HttpParser.parseAvailable(HttpParser.java:240)
	at org.eclipse.jetty.server.AsyncHttpConnection.handle(AsyncHttpConnection.java:82)
	at org.eclipse.jetty.io.nio.SelectChannelEndPoint.handle(SelectChannelEndPoint.java:628)
	at org.eclipse.jetty.io.nio.SelectChannelEndPoint$1.run(SelectChannelEndPoint.java:52)
	at org.eclipse.jetty.util.thread.QueuedThreadPool.runJob(QueuedThreadPool.java:608)
	at org.eclipse.jetty.util.thread.QueuedThreadPool$3.run(QueuedThreadPool.java:543)
	at java.lang.Thread.run(Unknown Source)

2016-11-07 20:13:25
[ERROR]-[Thread: qtp245565335-23]-[com.jfinal.core.ActionHandler.handle()]: /admin/adduser
com.jfinal.plugin.activerecord.ActiveRecordException: The model attribute areaid is not exists.
	at com.jfinal.core.Injector.injectModel(Injector.java:123)
	at com.jfinal.core.Injector.injectModel(Injector.java:44)
	at com.jfinal.core.Controller.getModel(Controller.java:691)
	at com.huijiasoft.controller.AdminController.adduser(AdminController.java:556)
	at sun.reflect.NativeMethodAccessorImpl.invoke0(Native Method)
	at sun.reflect.NativeMethodAccessorImpl.invoke(Unknown Source)
	at sun.reflect.DelegatingMethodAccessorImpl.invoke(Unknown Source)
	at java.lang.reflect.Method.invoke(Unknown Source)
	at com.jfinal.aop.Invocation.invoke(Invocation.java:73)
	at com.huijiasoft.interceptor.AdminAuthInterceptor.intercept(AdminAuthInterceptor.java:24)
	at com.jfinal.aop.Invocation.invoke(Invocation.java:67)
	at com.jfinal.core.ActionHandler.handle(ActionHandler.java:74)
	at com.huijiasoft.handler.ResourceHandler.handle(ResourceHandler.java:23)
	at com.jfinal.core.JFinalFilter.doFilter(JFinalFilter.java:72)
	at org.eclipse.jetty.servlet.ServletHandler$CachedChain.doFilter(ServletHandler.java:1307)
	at org.eclipse.jetty.servlet.ServletHandler.doHandle(ServletHandler.java:453)
	at org.eclipse.jetty.server.handler.ScopedHandler.handle(ScopedHandler.java:137)
	at org.eclipse.jetty.security.SecurityHandler.handle(SecurityHandler.java:560)
	at org.eclipse.jetty.server.session.SessionHandler.doHandle(SessionHandler.java:231)
	at org.eclipse.jetty.server.handler.ContextHandler.doHandle(ContextHandler.java:1072)
	at org.eclipse.jetty.servlet.ServletHandler.doScope(ServletHandler.java:382)
	at org.eclipse.jetty.server.session.SessionHandler.doScope(SessionHandler.java:193)
	at org.eclipse.jetty.server.handler.ContextHandler.doScope(ContextHandler.java:1006)
	at org.eclipse.jetty.server.handler.ScopedHandler.handle(ScopedHandler.java:135)
	at org.eclipse.jetty.server.handler.HandlerWrapper.handle(HandlerWrapper.java:116)
	at org.eclipse.jetty.server.Server.handle(Server.java:365)
	at org.eclipse.jetty.server.AbstractHttpConnection.handleRequest(AbstractHttpConnection.java:485)
	at org.eclipse.jetty.server.AbstractHttpConnection.content(AbstractHttpConnection.java:937)
	at org.eclipse.jetty.server.AbstractHttpConnection$RequestHandler.content(AbstractHttpConnection.java:998)
	at org.eclipse.jetty.http.HttpParser.parseNext(HttpParser.java:856)
	at org.eclipse.jetty.http.HttpParser.parseAvailable(HttpParser.java:240)
	at org.eclipse.jetty.server.AsyncHttpConnection.handle(AsyncHttpConnection.java:82)
	at org.eclipse.jetty.io.nio.SelectChannelEndPoint.handle(SelectChannelEndPoint.java:628)
	at org.eclipse.jetty.io.nio.SelectChannelEndPoint$1.run(SelectChannelEndPoint.java:52)
	at org.eclipse.jetty.util.thread.QueuedThreadPool.runJob(QueuedThreadPool.java:608)
	at org.eclipse.jetty.util.thread.QueuedThreadPool$3.run(QueuedThreadPool.java:543)
	at java.lang.Thread.run(Unknown Source)

2016-11-07 20:15:15
[ERROR]-[Thread: qtp245565335-20]-[com.jfinal.core.ActionHandler.handle()]: /admin/xquschbycondition
java.lang.RuntimeException: java.lang.reflect.InvocationTargetException
	at com.jfinal.aop.Invocation.invoke(Invocation.java:87)
	at com.huijiasoft.interceptor.AdminAuthInterceptor.intercept(AdminAuthInterceptor.java:24)
	at com.jfinal.aop.Invocation.invoke(Invocation.java:67)
	at com.jfinal.core.ActionHandler.handle(ActionHandler.java:74)
	at com.huijiasoft.handler.ResourceHandler.handle(ResourceHandler.java:23)
	at com.jfinal.core.JFinalFilter.doFilter(JFinalFilter.java:72)
	at org.eclipse.jetty.servlet.ServletHandler$CachedChain.doFilter(ServletHandler.java:1307)
	at org.eclipse.jetty.servlet.ServletHandler.doHandle(ServletHandler.java:453)
	at org.eclipse.jetty.server.handler.ScopedHandler.handle(ScopedHandler.java:137)
	at org.eclipse.jetty.security.SecurityHandler.handle(SecurityHandler.java:560)
	at org.eclipse.jetty.server.session.SessionHandler.doHandle(SessionHandler.java:231)
	at org.eclipse.jetty.server.handler.ContextHandler.doHandle(ContextHandler.java:1072)
	at org.eclipse.jetty.servlet.ServletHandler.doScope(ServletHandler.java:382)
	at org.eclipse.jetty.server.session.SessionHandler.doScope(SessionHandler.java:193)
	at org.eclipse.jetty.server.handler.ContextHandler.doScope(ContextHandler.java:1006)
	at org.eclipse.jetty.server.handler.ScopedHandler.handle(ScopedHandler.java:135)
	at org.eclipse.jetty.server.handler.HandlerWrapper.handle(HandlerWrapper.java:116)
	at org.eclipse.jetty.server.Server.handle(Server.java:365)
	at org.eclipse.jetty.server.AbstractHttpConnection.handleRequest(AbstractHttpConnection.java:485)
	at org.eclipse.jetty.server.AbstractHttpConnection.content(AbstractHttpConnection.java:937)
	at org.eclipse.jetty.server.AbstractHttpConnection$RequestHandler.content(AbstractHttpConnection.java:998)
	at org.eclipse.jetty.http.HttpParser.parseNext(HttpParser.java:856)
	at org.eclipse.jetty.http.HttpParser.parseAvailable(HttpParser.java:240)
	at org.eclipse.jetty.server.AsyncHttpConnection.handle(AsyncHttpConnection.java:82)
	at org.eclipse.jetty.io.nio.SelectChannelEndPoint.handle(SelectChannelEndPoint.java:628)
	at org.eclipse.jetty.io.nio.SelectChannelEndPoint$1.run(SelectChannelEndPoint.java:52)
	at org.eclipse.jetty.util.thread.QueuedThreadPool.runJob(QueuedThreadPool.java:608)
	at org.eclipse.jetty.util.thread.QueuedThreadPool$3.run(QueuedThreadPool.java:543)
	at java.lang.Thread.run(Unknown Source)
Caused by: java.lang.reflect.InvocationTargetException
	at sun.reflect.NativeMethodAccessorImpl.invoke0(Native Method)
	at sun.reflect.NativeMethodAccessorImpl.invoke(Unknown Source)
	at sun.reflect.DelegatingMethodAccessorImpl.invoke(Unknown Source)
	at java.lang.reflect.Method.invoke(Unknown Source)
	at com.jfinal.aop.Invocation.invoke(Invocation.java:73)
	... 28 more
Caused by: java.lang.Error: Unresolved compilation problems: 
	The method getDegreeId() is undefined for the type User
	The method getEduId() is undefined for the type User

	at com.huijiasoft.utils.ReportExcel.report(ReportExcel.java:77)
	at com.huijiasoft.controller.AdminController.xquschbycondition(AdminController.java:503)
	... 33 more

2016-11-07 20:56:34
[ERROR]-[Thread: qtp245565335-22]-[com.jfinal.core.ActionHandler.handle()]: /admin/xquschbycondition
java.lang.NullPointerException
	at com.huijiasoft.utils.ReportExcel.report(ReportExcel.java:99)
	at com.huijiasoft.controller.AdminController.xquschbycondition(AdminController.java:503)
	at sun.reflect.NativeMethodAccessorImpl.invoke0(Native Method)
	at sun.reflect.NativeMethodAccessorImpl.invoke(Unknown Source)
	at sun.reflect.DelegatingMethodAccessorImpl.invoke(Unknown Source)
	at java.lang.reflect.Method.invoke(Unknown Source)
	at com.jfinal.aop.Invocation.invoke(Invocation.java:73)
	at com.huijiasoft.interceptor.AdminAuthInterceptor.intercept(AdminAuthInterceptor.java:24)
	at com.jfinal.aop.Invocation.invoke(Invocation.java:67)
	at com.jfinal.core.ActionHandler.handle(ActionHandler.java:74)
	at com.huijiasoft.handler.ResourceHandler.handle(ResourceHandler.java:23)
	at com.jfinal.core.JFinalFilter.doFilter(JFinalFilter.java:72)
	at org.eclipse.jetty.servlet.ServletHandler$CachedChain.doFilter(ServletHandler.java:1307)
	at org.eclipse.jetty.servlet.ServletHandler.doHandle(ServletHandler.java:453)
	at org.eclipse.jetty.server.handler.ScopedHandler.handle(ScopedHandler.java:137)
	at org.eclipse.jetty.security.SecurityHandler.handle(SecurityHandler.java:560)
	at org.eclipse.jetty.server.session.SessionHandler.doHandle(SessionHandler.java:231)
	at org.eclipse.jetty.server.handler.ContextHandler.doHandle(ContextHandler.java:1072)
	at org.eclipse.jetty.servlet.ServletHandler.doScope(ServletHandler.java:382)
	at org.eclipse.jetty.server.session.SessionHandler.doScope(SessionHandler.java:193)
	at org.eclipse.jetty.server.handler.ContextHandler.doScope(ContextHandler.java:1006)
	at org.eclipse.jetty.server.handler.ScopedHandler.handle(ScopedHandler.java:135)
	at org.eclipse.jetty.server.handler.HandlerWrapper.handle(HandlerWrapper.java:116)
	at org.eclipse.jetty.server.Server.handle(Server.java:365)
	at org.eclipse.jetty.server.AbstractHttpConnection.handleRequest(AbstractHttpConnection.java:485)
	at org.eclipse.jetty.server.AbstractHttpConnection.content(AbstractHttpConnection.java:937)
	at org.eclipse.jetty.server.AbstractHttpConnection$RequestHandler.content(AbstractHttpConnection.java:998)
	at org.eclipse.jetty.http.HttpParser.parseNext(HttpParser.java:856)
	at org.eclipse.jetty.http.HttpParser.parseAvailable(HttpParser.java:240)
	at org.eclipse.jetty.server.AsyncHttpConnection.handle(AsyncHttpConnection.java:82)
	at org.eclipse.jetty.io.nio.SelectChannelEndPoint.handle(SelectChannelEndPoint.java:628)
	at org.eclipse.jetty.io.nio.SelectChannelEndPoint$1.run(SelectChannelEndPoint.java:52)
	at org.eclipse.jetty.util.thread.QueuedThreadPool.runJob(QueuedThreadPool.java:608)
	at org.eclipse.jetty.util.thread.QueuedThreadPool$3.run(QueuedThreadPool.java:543)
	at java.lang.Thread.run(Unknown Source)

2016-11-07 21:01:38
[ERROR]-[Thread: qtp245565335-23]-[com.jfinal.core.ActionHandler.handle()]: /admin/xquschbycondition
java.lang.NullPointerException
	at com.huijiasoft.utils.ReportExcel.report(ReportExcel.java:95)
	at com.huijiasoft.controller.AdminController.xquschbycondition(AdminController.java:503)
	at sun.reflect.NativeMethodAccessorImpl.invoke0(Native Method)
	at sun.reflect.NativeMethodAccessorImpl.invoke(Unknown Source)
	at sun.reflect.DelegatingMethodAccessorImpl.invoke(Unknown Source)
	at java.lang.reflect.Method.invoke(Unknown Source)
	at com.jfinal.aop.Invocation.invoke(Invocation.java:73)
	at com.huijiasoft.interceptor.AdminAuthInterceptor.intercept(AdminAuthInterceptor.java:24)
	at com.jfinal.aop.Invocation.invoke(Invocation.java:67)
	at com.jfinal.core.ActionHandler.handle(ActionHandler.java:74)
	at com.huijiasoft.handler.ResourceHandler.handle(ResourceHandler.java:23)
	at com.jfinal.core.JFinalFilter.doFilter(JFinalFilter.java:72)
	at org.eclipse.jetty.servlet.ServletHandler$CachedChain.doFilter(ServletHandler.java:1307)
	at org.eclipse.jetty.servlet.ServletHandler.doHandle(ServletHandler.java:453)
	at org.eclipse.jetty.server.handler.ScopedHandler.handle(ScopedHandler.java:137)
	at org.eclipse.jetty.security.SecurityHandler.handle(SecurityHandler.java:560)
	at org.eclipse.jetty.server.session.SessionHandler.doHandle(SessionHandler.java:231)
	at org.eclipse.jetty.server.handler.ContextHandler.doHandle(ContextHandler.java:1072)
	at org.eclipse.jetty.servlet.ServletHandler.doScope(ServletHandler.java:382)
	at org.eclipse.jetty.server.session.SessionHandler.doScope(SessionHandler.java:193)
	at org.eclipse.jetty.server.handler.ContextHandler.doScope(ContextHandler.java:1006)
	at org.eclipse.jetty.server.handler.ScopedHandler.handle(ScopedHandler.java:135)
	at org.eclipse.jetty.server.handler.HandlerWrapper.handle(HandlerWrapper.java:116)
	at org.eclipse.jetty.server.Server.handle(Server.java:365)
	at org.eclipse.jetty.server.AbstractHttpConnection.handleRequest(AbstractHttpConnection.java:485)
	at org.eclipse.jetty.server.AbstractHttpConnection.content(AbstractHttpConnection.java:937)
	at org.eclipse.jetty.server.AbstractHttpConnection$RequestHandler.content(AbstractHttpConnection.java:998)
	at org.eclipse.jetty.http.HttpParser.parseNext(HttpParser.java:856)
	at org.eclipse.jetty.http.HttpParser.parseAvailable(HttpParser.java:240)
	at org.eclipse.jetty.server.AsyncHttpConnection.handle(AsyncHttpConnection.java:82)
	at org.eclipse.jetty.io.nio.SelectChannelEndPoint.handle(SelectChannelEndPoint.java:628)
	at org.eclipse.jetty.io.nio.SelectChannelEndPoint$1.run(SelectChannelEndPoint.java:52)
	at org.eclipse.jetty.util.thread.QueuedThreadPool.runJob(QueuedThreadPool.java:608)
	at org.eclipse.jetty.util.thread.QueuedThreadPool$3.run(QueuedThreadPool.java:543)
	at java.lang.Thread.run(Unknown Source)

2016-11-07 21:01:48
[ERROR]-[Thread: qtp245565335-22]-[com.jfinal.core.ActionHandler.handle()]: /admin/xquschbycondition
java.lang.NullPointerException
	at com.huijiasoft.utils.ReportExcel.report(ReportExcel.java:95)
	at com.huijiasoft.controller.AdminController.xquschbycondition(AdminController.java:503)
	at sun.reflect.NativeMethodAccessorImpl.invoke0(Native Method)
	at sun.reflect.NativeMethodAccessorImpl.invoke(Unknown Source)
	at sun.reflect.DelegatingMethodAccessorImpl.invoke(Unknown Source)
	at java.lang.reflect.Method.invoke(Unknown Source)
	at com.jfinal.aop.Invocation.invoke(Invocation.java:73)
	at com.huijiasoft.interceptor.AdminAuthInterceptor.intercept(AdminAuthInterceptor.java:24)
	at com.jfinal.aop.Invocation.invoke(Invocation.java:67)
	at com.jfinal.core.ActionHandler.handle(ActionHandler.java:74)
	at com.huijiasoft.handler.ResourceHandler.handle(ResourceHandler.java:23)
	at com.jfinal.core.JFinalFilter.doFilter(JFinalFilter.java:72)
	at org.eclipse.jetty.servlet.ServletHandler$CachedChain.doFilter(ServletHandler.java:1307)
	at org.eclipse.jetty.servlet.ServletHandler.doHandle(ServletHandler.java:453)
	at org.eclipse.jetty.server.handler.ScopedHandler.handle(ScopedHandler.java:137)
	at org.eclipse.jetty.security.SecurityHandler.handle(SecurityHandler.java:560)
	at org.eclipse.jetty.server.session.SessionHandler.doHandle(SessionHandler.java:231)
	at org.eclipse.jetty.server.handler.ContextHandler.doHandle(ContextHandler.java:1072)
	at org.eclipse.jetty.servlet.ServletHandler.doScope(ServletHandler.java:382)
	at org.eclipse.jetty.server.session.SessionHandler.doScope(SessionHandler.java:193)
	at org.eclipse.jetty.server.handler.ContextHandler.doScope(ContextHandler.java:1006)
	at org.eclipse.jetty.server.handler.ScopedHandler.handle(ScopedHandler.java:135)
	at org.eclipse.jetty.server.handler.HandlerWrapper.handle(HandlerWrapper.java:116)
	at org.eclipse.jetty.server.Server.handle(Server.java:365)
	at org.eclipse.jetty.server.AbstractHttpConnection.handleRequest(AbstractHttpConnection.java:485)
	at org.eclipse.jetty.server.AbstractHttpConnection.content(AbstractHttpConnection.java:937)
	at org.eclipse.jetty.server.AbstractHttpConnection$RequestHandler.content(AbstractHttpConnection.java:998)
	at org.eclipse.jetty.http.HttpParser.parseNext(HttpParser.java:856)
	at org.eclipse.jetty.http.HttpParser.parseAvailable(HttpParser.java:240)
	at org.eclipse.jetty.server.AsyncHttpConnection.handle(AsyncHttpConnection.java:82)
	at org.eclipse.jetty.io.nio.SelectChannelEndPoint.handle(SelectChannelEndPoint.java:628)
	at org.eclipse.jetty.io.nio.SelectChannelEndPoint$1.run(SelectChannelEndPoint.java:52)
	at org.eclipse.jetty.util.thread.QueuedThreadPool.runJob(QueuedThreadPool.java:608)
	at org.eclipse.jetty.util.thread.QueuedThreadPool$3.run(QueuedThreadPool.java:543)
	at java.lang.Thread.run(Unknown Source)
